2021-01-11 00:07:59 [main] INFO  [com.yufan.cache.LoadCacheService] - -----开始初始华参数----
2021-01-11 00:08:02 [main] INFO  [com.yufan.cache.LoadCacheService] - -----结束初始华参数----119
2021-01-11 00:08:02 [main] INFO  [com.yufan.cache.LoadCacheService] - -----开始初始化文件本地保存路径和web访问路径----
2021-01-11 00:08:02 [main] INFO  [com.yufan.cache.LoadCacheService] - -------Constants.IMG_SAVE_ROOT_PATH-------D:\upload\img\
2021-01-11 00:08:02 [main] INFO  [com.yufan.cache.LoadCacheService] - --------Constants.IMG_WEB_URL------http://127.0.0.1/
2021-01-11 00:08:02 [main] INFO  [com.yufan.cache.LoadCacheService] - -----结束初始化文件本地保存路径和web访问路径----
2021-01-11 00:09:45 [main] INFO  [com.yufan.cache.LoadCacheService] - -----开始初始华参数----
2021-01-11 00:09:46 [main] INFO  [com.yufan.cache.LoadCacheService] - -----结束初始华参数----119
2021-01-11 00:09:46 [main] INFO  [com.yufan.cache.LoadCacheService] - -----开始初始化文件本地保存路径和web访问路径----
2021-01-11 00:09:46 [main] INFO  [com.yufan.cache.LoadCacheService] - -------Constants.IMG_SAVE_ROOT_PATH-------D:\upload\img\
2021-01-11 00:09:46 [main] INFO  [com.yufan.cache.LoadCacheService] - --------Constants.IMG_WEB_URL------http://127.0.0.1/
2021-01-11 00:09:46 [main] INFO  [com.yufan.cache.LoadCacheService] - -----结束初始化文件本地保存路径和web访问路径----
2021-01-11 00:10:10 [http-nio-8083-exec-3] INFO  [com.yufan.interceptor.MyInterceptor] - --------xc------1
2021-01-11 00:10:10 [http-nio-8083-exec-3] INFO  [com.yufan.interceptor.MyInterceptor] - -------web-------1
2021-01-11 00:10:10 [http-nio-8083-exec-3] INFO  [com.yufan.interceptor.MyInterceptor] - ------未登录,拦截-----
2021-01-11 00:10:15 [http-nio-8083-exec-5] INFO  [com.yufan.interceptor.MyInterceptor] - --------xc------1
2021-01-11 00:10:15 [http-nio-8083-exec-5] INFO  [com.yufan.interceptor.MyInterceptor] - -------web-------1
2021-01-11 00:10:16 [http-nio-8083-exec-1] INFO  [com.yufan.interceptor.MyInterceptor] - --------xc------1
2021-01-11 00:10:16 [http-nio-8083-exec-1] INFO  [com.yufan.interceptor.MyInterceptor] - -------web-------1
2021-01-11 00:10:32 [http-nio-8083-exec-8] INFO  [com.yufan.interceptor.MyInterceptor] - --------xc------1
2021-01-11 00:10:32 [http-nio-8083-exec-8] INFO  [com.yufan.interceptor.MyInterceptor] - -------web-------1
2021-01-11 00:10:33 [http-nio-8083-exec-7] INFO  [com.yufan.interceptor.MyInterceptor] - --------xc------1
2021-01-11 00:10:33 [http-nio-8083-exec-7] INFO  [com.yufan.interceptor.MyInterceptor] - -------web-------1
2021-01-11 00:24:00 [http-nio-8083-exec-10] INFO  [com.yufan.interceptor.MyInterceptor] - --------xc------1
2021-01-11 00:24:00 [http-nio-8083-exec-10] INFO  [com.yufan.interceptor.MyInterceptor] - -------web-------1
2021-01-11 00:24:01 [http-nio-8083-exec-3] INFO  [com.yufan.interceptor.MyInterceptor] - --------xc------1
2021-01-11 00:24:01 [http-nio-8083-exec-3] INFO  [com.yufan.interceptor.MyInterceptor] - -------web-------1
2021-01-11 00:24:05 [http-nio-8083-exec-2] INFO  [com.yufan.interceptor.MyInterceptor] - --------xc------1
2021-01-11 00:24:05 [http-nio-8083-exec-2] INFO  [com.yufan.interceptor.MyInterceptor] - -------web-------1
2021-01-11 00:24:05 [http-nio-8083-exec-4] INFO  [com.yufan.interceptor.MyInterceptor] - --------xc------1
2021-01-11 00:24:05 [http-nio-8083-exec-4] INFO  [com.yufan.interceptor.MyInterceptor] - -------web-------1
2021-01-11 00:24:09 [http-nio-8083-exec-5] INFO  [com.yufan.interceptor.MyInterceptor] - --------xc------1
2021-01-11 00:24:09 [http-nio-8083-exec-5] INFO  [com.yufan.interceptor.MyInterceptor] - -------web-------1
2021-01-11 00:24:11 [http-nio-8083-exec-1] INFO  [com.yufan.interceptor.MyInterceptor] - --------xc------1
2021-01-11 00:24:11 [http-nio-8083-exec-1] INFO  [com.yufan.interceptor.MyInterceptor] - -------web-------1
2021-01-11 00:24:11 [http-nio-8083-exec-6] INFO  [com.yufan.interceptor.MyInterceptor] - --------xc------1
2021-01-11 00:24:11 [http-nio-8083-exec-6] INFO  [com.yufan.interceptor.MyInterceptor] - -------web-------1
2021-01-11 00:28:29 [http-nio-8083-exec-7] INFO  [com.yufan.interceptor.MyInterceptor] - --------xc------1
2021-01-11 00:28:29 [http-nio-8083-exec-7] INFO  [com.yufan.interceptor.MyInterceptor] - -------web-------1
2021-01-11 00:28:29 [http-nio-8083-exec-9] INFO  [com.yufan.interceptor.MyInterceptor] - --------xc------1
2021-01-11 00:28:29 [http-nio-8083-exec-9] INFO  [com.yufan.interceptor.MyInterceptor] - -------web-------1
